{"synthetic": false,
 "schemaVersion": "2025-09-10",
 "outputs":
 {"o": ["1b289d7728fe7598.olean"],
  "m": false,
  "i": "146ebdc2c67fd398.ilean",
  "c": "e21f79930ac92e17.c"},
 "log":
 [{"message":
   ".> LEAN_PATH=/Users/philipallen/Desktop/Maith/.lake/build/lib/lean /Users/philipallen/.elan/toolchains/leanprover--lean4---v4.31.0/bin/lean /Users/philipallen/Desktop/Maith/Maith/Attribute.lean -o /Users/philipallen/Desktop/Maith/.lake/build/lib/lean/Maith/Attribute.olean -i /Users/philipallen/Desktop/Maith/.lake/build/lib/lean/Maith/Attribute.ilean -c /Users/philipallen/Desktop/Maith/.lake/build/ir/Maith/Attribute.c --setup /Users/philipallen/Desktop/Maith/.lake/build/ir/Maith/Attribute.setup.json --json",
   "level": "trace"},
  {"message":
   "Maith/Attribute.lean:42:20: `structure ... :=` has been deprecated in favor of `structure ... where`.\n\nNote: This linter can be disabled with `set_option linter.deprecated false`",
   "level": "warning"}],
 "inputs":
 [["Maith.Attribute:deps",
   [["deps",
     [["maith/Maith:extraDep", [["@maith:extraDep", "00000000000006bb"]]],
      ["imports",
       [["Maith.EntityId transitive imports (legacy)", "00000000000006bb"],
        ["Maith.EntityId:importAllArts", "056a1025f7d3da3e"],
        ["Maith.Polarity transitive imports (legacy)", "00000000000006bb"],
        ["Maith.Polarity:importAllArts", "4ae8cf2b71ae141c"]]]]],
    ["libs",
     [["import dynlibs", "00000000000006bb"],
      ["package external libraries", "00000000000006bb"],
      ["module dynlibs", "00000000000006bb"],
      ["module plugins", "00000000000006bb"]]]]],
  ["Lean 4.31.0, commit 68218e876d2a38b1985b8590fff244a83c321783",
   "fc45ac412f28501c"],
  ["/Users/philipallen/Desktop/Maith/Maith/Attribute.lean", "1d9ca4937b54ef74"],
  ["options", "00000000000006bb"],
  ["isModule: false", "feefd2a0d3a1847e"],
  ["Module.name: Maith.Attribute", "6989b22877daa3a5"],
  ["Package.id?: (some maith)", "dfa12329b6ef09d2"],
  ["Module.leanArgs: #[]", "00000000000006bb"]],
 "depHash": "ed435434bd2be89a"}