{"synthetic": false,
 "schemaVersion": "2025-09-10",
 "outputs":
 {"o": ["7a773d52ed338ac8.olean"],
  "m": false,
  "i": "7b0844361158793a.ilean",
  "c": "0e488913e9cf8d3f.c"},
 "log":
 [{"message":
   ".> LEAN_PATH=/Users/philipallen/Desktop/Maith/.lake/build/lib/lean /Users/philipallen/.elan/toolchains/leanprover--lean4---v4.31.0/bin/lean /Users/philipallen/Desktop/Maith/Maith/Decoder.lean -o /Users/philipallen/Desktop/Maith/.lake/build/lib/lean/Maith/Decoder.olean -i /Users/philipallen/Desktop/Maith/.lake/build/lib/lean/Maith/Decoder.ilean -c /Users/philipallen/Desktop/Maith/.lake/build/ir/Maith/Decoder.c --setup /Users/philipallen/Desktop/Maith/.lake/build/ir/Maith/Decoder.setup.json --json",
   "level": "trace"},
  {"message":
   "Maith/Decoder.lean:36:18: `structure ... :=` has been deprecated in favor of `structure ... where`.\n\nNote: This linter can be disabled with `set_option linter.deprecated false`",
   "level": "warning"},
  {"message":
   "Maith/Decoder.lean:106:91: `String.trim` has been deprecated: Use `String.trimAscii` instead\n\nNote: The updated constant has a different type:\n  String → String.Slice\ninstead of\n  String → String",
   "level": "warning"}],
 "inputs":
 [["Maith.Decoder:deps",
   [["deps",
     [["maith/Maith:extraDep", [["@maith:extraDep", "00000000000006bb"]]],
      ["imports",
       [["Maith.Entity transitive imports (legacy)", "615f49d814ea478b"],
        ["Maith.Entity:importAllArts", "7b9cd1ac2767f280"],
        ["Maith.Attribute transitive imports (legacy)", "615f49d814ea478b"],
        ["Maith.Attribute:importAllArts", "c69ec177972c0a25"],
        ["Maith.Relation transitive imports (legacy)", "d235a8c0a821e008"],
        ["Maith.Relation:importAllArts", "a53f8e02fe981406"],
        ["Maith.Operation transitive imports (legacy)", "b193b5078e65a4f2"],
        ["Maith.Operation:importAllArts", "81262a5902773249"],
        ["Maith.Graph transitive imports (legacy)", "b6af83aa98b271c3"],
        ["Maith.Graph:importAllArts", "c5d33959bd97b7d6"],
        ["Maith.Polarity transitive imports (legacy)", "00000000000006bb"],
        ["Maith.Polarity:importAllArts", "e7ee1daf301cbf9e"],
        ["Maith.EntityId transitive imports (legacy)", "00000000000006bb"],
        ["Maith.EntityId:importAllArts", "36b0c99b483493cc"],
        ["Maith.RelationOp transitive imports (legacy)", "00000000000006bb"],
        ["Maith.RelationOp:importAllArts", "462b5b3c9c0ff6d7"],
        ["Maith.OperationOp transitive imports (legacy)", "00000000000006bb"],
        ["Maith.OperationOp:importAllArts", "bac246252dc0ecb8"],
        ["Maith.Token transitive imports (legacy)", "00000000000006bb"],
        ["Maith.Token:importAllArts", "a1d05cea5b1904f3"]]]]],
    ["libs",
     [["import dynlibs", "00000000000006bb"],
      ["package external libraries", "00000000000006bb"],
      ["module dynlibs", "00000000000006bb"],
      ["module plugins", "00000000000006bb"]]]]],
  ["Lean 4.31.0, commit 68218e876d2a38b1985b8590fff244a83c321783",
   "fc45ac412f28501c"],
  ["/Users/philipallen/Desktop/Maith/Maith/Decoder.lean", "76bb8364bf47b50f"],
  ["options", "00000000000006bb"],
  ["isModule: false", "feefd2a0d3a1847e"],
  ["Module.name: Maith.Decoder", "8c8e708f6ecc9c17"],
  ["Package.id?: (some maith)", "dfa12329b6ef09d2"],
  ["Module.leanArgs: #[]", "00000000000006bb"]],
 "depHash": "35524dea5c5f5b5a"}