{"synthetic": false,
 "schemaVersion": "2025-09-10",
 "outputs":
 {"o": ["7c0306d7f6189cb3.olean"],
  "m": false,
  "i": "db8061ddb03c70de.ilean",
  "c": "11b323d2f21b7331.c"},
 "log":
 [{"message":
   ".> LEAN_PATH=/Users/philipallen/Desktop/Maith/.lake/build/lib/lean /Users/philipallen/.elan/toolchains/leanprover--lean4---v4.31.0/bin/lean /Users/philipallen/Desktop/Maith/Maith/EntityId.lean -o /Users/philipallen/Desktop/Maith/.lake/build/lib/lean/Maith/EntityId.olean -i /Users/philipallen/Desktop/Maith/.lake/build/lib/lean/Maith/EntityId.ilean -c /Users/philipallen/Desktop/Maith/.lake/build/ir/Maith/EntityId.c --setup /Users/philipallen/Desktop/Maith/.lake/build/ir/Maith/EntityId.setup.json --json",
   "level": "trace"}],
 "inputs":
 [["Maith.EntityId:deps",
   [["deps",
     [["maith/Maith:extraDep", [["@maith:extraDep", "00000000000006bb"]]],
      ["imports", "00000000000006bb"]]],
    ["libs",
     [["import dynlibs", "00000000000006bb"],
      ["package external libraries", "00000000000006bb"],
      ["module dynlibs", "00000000000006bb"],
      ["module plugins", "00000000000006bb"]]]]],
  ["Lean 4.31.0, commit 68218e876d2a38b1985b8590fff244a83c321783",
   "fc45ac412f28501c"],
  ["/Users/philipallen/Desktop/Maith/Maith/EntityId.lean", "c2d2db8c2a7dc050"],
  ["options", "00000000000006bb"],
  ["isModule: false", "feefd2a0d3a1847e"],
  ["Module.name: Maith.EntityId", "25cbdce789fc7aca"],
  ["Package.id?: (some maith)", "dfa12329b6ef09d2"],
  ["Module.leanArgs: #[]", "00000000000006bb"]],
 "depHash": "499cff16aa21192d"}