{"synthetic": false,
 "schemaVersion": "2025-09-10",
 "outputs":
 {"o": ["37640d506e5777a3.olean"],
  "m": false,
  "i": "c4699ae154ac7282.ilean",
  "c": "e0ac8f82498fc666.c"},
 "log":
 [{"message":
   ".> LEAN_PATH=/Users/philipallen/Desktop/Maith/.lake/build/lib/lean /Users/philipallen/.elan/toolchains/leanprover--lean4---v4.31.0/bin/lean /Users/philipallen/Desktop/Maith/Maith/GraphEquivalence.lean -o /Users/philipallen/Desktop/Maith/.lake/build/lib/lean/Maith/GraphEquivalence.olean -i /Users/philipallen/Desktop/Maith/.lake/build/lib/lean/Maith/GraphEquivalence.ilean -c /Users/philipallen/Desktop/Maith/.lake/build/ir/Maith/GraphEquivalence.c --setup /Users/philipallen/Desktop/Maith/.lake/build/ir/Maith/GraphEquivalence.setup.json --json",
   "level": "trace"},
  {"message":
   "Maith/GraphEquivalence.lean:200:27: `structure ... :=` has been deprecated in favor of `structure ... where`.\n\nNote: This linter can be disabled with `set_option linter.deprecated false`",
   "level": "warning"}],
 "inputs":
 [["Maith.GraphEquivalence:deps",
   [["deps",
     [["maith/Maith:extraDep", [["@maith:extraDep", "00000000000006bb"]]],
      ["imports",
       [["Maith.Graph transitive imports (legacy)", "295dd36e49a1cc52"],
        ["Maith.Graph:importAllArts", "c5d33959bd97b7d6"],
        ["Maith.Entity transitive imports (legacy)", "8e88799e089d04d8"],
        ["Maith.Entity:importAllArts", "7b9cd1ac2767f280"],
        ["Maith.Normalizer transitive imports (legacy)", "b4841599fc441daf"],
        ["Maith.Normalizer:importAllArts", "63d9d8916d145303"],
        ["Maith.RewritePipeline transitive imports (legacy)",
         "241e1a89113483bf"],
        ["Maith.RewritePipeline:importAllArts", "770bdeffb151e00a"]]]]],
    ["libs",
     [["import dynlibs", "00000000000006bb"],
      ["package external libraries", "00000000000006bb"],
      ["module dynlibs", "00000000000006bb"],
      ["module plugins", "00000000000006bb"]]]]],
  ["Lean 4.31.0, commit 68218e876d2a38b1985b8590fff244a83c321783",
   "fc45ac412f28501c"],
  ["/Users/philipallen/Desktop/Maith/Maith/GraphEquivalence.lean",
   "b9e6288ecef66ce2"],
  ["options", "00000000000006bb"],
  ["isModule: false", "feefd2a0d3a1847e"],
  ["Module.name: Maith.GraphEquivalence", "707be3abba8dba20"],
  ["Package.id?: (some maith)", "dfa12329b6ef09d2"],
  ["Module.leanArgs: #[]", "00000000000006bb"]],
 "depHash": "b404577c1c3baff1"}