{"synthetic": false,
 "schemaVersion": "2025-09-10",
 "outputs":
 {"o": ["fbda126aae2a4e9d.olean"],
  "m": false,
  "i": "a9f8b2cb2b69b1ad.ilean",
  "c": "c903e0aab6b081be.c"},
 "log":
 [{"message":
   ".> LEAN_PATH=/Users/philipallen/Desktop/Maith/.lake/build/lib/lean /Users/philipallen/.elan/toolchains/leanprover--lean4---v4.31.0/bin/lean /Users/philipallen/Desktop/Maith/Maith/Graph.lean -o /Users/philipallen/Desktop/Maith/.lake/build/lib/lean/Maith/Graph.olean -i /Users/philipallen/Desktop/Maith/.lake/build/lib/lean/Maith/Graph.ilean -c /Users/philipallen/Desktop/Maith/.lake/build/ir/Maith/Graph.c --setup /Users/philipallen/Desktop/Maith/.lake/build/ir/Maith/Graph.setup.json --json",
   "level": "trace"},
  {"message":
   "Maith/Graph.lean:46:16: `structure ... :=` has been deprecated in favor of `structure ... where`.\n\nNote: This linter can be disabled with `set_option linter.deprecated false`",
   "level": "warning"}],
 "inputs":
 [["Maith.Graph:deps",
   [["deps",
     [["maith/Maith:extraDep", [["@maith:extraDep", "00000000000006bb"]]],
      ["imports",
       [["Maith.Entity transitive imports (legacy)", "615f49d814ea478b"],
        ["Maith.Entity:importAllArts", "7b9cd1ac2767f280"],
        ["Maith.Attribute transitive imports (legacy)", "615f49d814ea478b"],
        ["Maith.Attribute:importAllArts", "c69ec177972c0a25"],
        ["Maith.Relation transitive imports (legacy)", "d235a8c0a821e008"],
        ["Maith.Relation:importAllArts", "a53f8e02fe981406"],
        ["Maith.Operation transitive imports (legacy)", "b193b5078e65a4f2"],
        ["Maith.Operation:importAllArts", "81262a5902773249"]]]]],
    ["libs",
     [["import dynlibs", "00000000000006bb"],
      ["package external libraries", "00000000000006bb"],
      ["module dynlibs", "00000000000006bb"],
      ["module plugins", "00000000000006bb"]]]]],
  ["Lean 4.31.0, commit 68218e876d2a38b1985b8590fff244a83c321783",
   "fc45ac412f28501c"],
  ["/Users/philipallen/Desktop/Maith/Maith/Graph.lean", "1fb9c175226b9f9b"],
  ["options", "00000000000006bb"],
  ["isModule: false", "feefd2a0d3a1847e"],
  ["Module.name: Maith.Graph", "838c5034b2c63fca"],
  ["Package.id?: (some maith)", "dfa12329b6ef09d2"],
  ["Module.leanArgs: #[]", "00000000000006bb"]],
 "depHash": "633bd8e505321448"}