{"synthetic": false,
 "schemaVersion": "2025-09-10",
 "outputs":
 {"o": ["50220bffe0da0dc5.olean"],
  "m": false,
  "i": "5f9d2d40ad3eaf6a.ilean",
  "c": "346475bf1d43d635.c"},
 "log":
 [{"message":
   ".> LEAN_PATH=/Users/philipallen/Desktop/Maith/.lake/build/lib/lean /Users/philipallen/.elan/toolchains/leanprover--lean4---v4.31.0/bin/lean /Users/philipallen/Desktop/Maith/Maith/Normalizer.lean -o /Users/philipallen/Desktop/Maith/.lake/build/lib/lean/Maith/Normalizer.olean -i /Users/philipallen/Desktop/Maith/.lake/build/lib/lean/Maith/Normalizer.ilean -c /Users/philipallen/Desktop/Maith/.lake/build/ir/Maith/Normalizer.c --setup /Users/philipallen/Desktop/Maith/.lake/build/ir/Maith/Normalizer.setup.json --json",
   "level": "trace"},
  {"message":
   "Maith/Normalizer.lean:28:15: Variable name `s` is not explicitly referenced.\n\nThe binding can be removed (if unused) or named `_` (if used implicitly).\n\nNote: This linter can be disabled with `set_option linter.unusedVariables false`",
   "level": "warning"},
  {"message":
   "Maith/Normalizer.lean:30:16: Variable name `n` is not explicitly referenced.\n\nThe binding can be removed (if unused) or named `_` (if used implicitly).\n\nNote: This linter can be disabled with `set_option linter.unusedVariables false`",
   "level": "warning"},
  {"message":
   "Maith/Normalizer.lean:38:15: Variable name `s` is not explicitly referenced.\n\nThe binding can be removed (if unused) or named `_` (if used implicitly).\n\nNote: This linter can be disabled with `set_option linter.unusedVariables false`",
   "level": "warning"},
  {"message":
   "Maith/Normalizer.lean:40:16: Variable name `n` is not explicitly referenced.\n\nThe binding can be removed (if unused) or named `_` (if used implicitly).\n\nNote: This linter can be disabled with `set_option linter.unusedVariables false`",
   "level": "warning"},
  {"message":
   "Maith/Normalizer.lean:180:21: `structure ... :=` has been deprecated in favor of `structure ... where`.\n\nNote: This linter can be disabled with `set_option linter.deprecated false`",
   "level": "warning"}],
 "inputs":
 [["Maith.Normalizer:deps",
   [["deps",
     [["maith/Maith:extraDep", [["@maith:extraDep", "00000000000006bb"]]],
      ["imports",
       [["Maith.Graph transitive imports (legacy)", "295dd36e49a1cc52"],
        ["Maith.Graph:importAllArts", "c5d33959bd97b7d6"],
        ["Maith.Entity transitive imports (legacy)", "8e88799e089d04d8"],
        ["Maith.Entity:importAllArts", "7b9cd1ac2767f280"],
        ["Maith.Polarity transitive imports (legacy)", "00000000000006bb"],
        ["Maith.Polarity:importAllArts", "e7ee1daf301cbf9e"],
        ["Maith.EntityId transitive imports (legacy)", "00000000000006bb"],
        ["Maith.EntityId:importAllArts", "895586eeaf2dfa8f"]]]]],
    ["libs",
     [["import dynlibs", "00000000000006bb"],
      ["package external libraries", "00000000000006bb"],
      ["module dynlibs", "00000000000006bb"],
      ["module plugins", "00000000000006bb"]]]]],
  ["Lean 4.31.0, commit 68218e876d2a38b1985b8590fff244a83c321783",
   "fc45ac412f28501c"],
  ["/Users/philipallen/Desktop/Maith/Maith/Normalizer.lean",
   "93404c1d4803d9f1"],
  ["options", "00000000000006bb"],
  ["isModule: false", "feefd2a0d3a1847e"],
  ["Module.name: Maith.Normalizer", "5dc98dac1d152654"],
  ["Package.id?: (some maith)", "dfa12329b6ef09d2"],
  ["Module.leanArgs: #[]", "00000000000006bb"]],
 "depHash": "7a901763039da2af"}