{"synthetic": false,
 "schemaVersion": "2025-09-10",
 "outputs":
 {"o": ["8e92e6f94947ad09.olean"],
  "m": false,
  "i": "41623a8128859f3e.ilean",
  "c": "05cf7c456384f56b.c"},
 "log":
 [{"message":
   ".> LEAN_PATH=/Users/philipallen/Desktop/Maith/.lake/build/lib/lean /Users/philipallen/.elan/toolchains/leanprover--lean4---v4.31.0/bin/lean /Users/philipallen/Desktop/Maith/Maith/OperationOp.lean -o /Users/philipallen/Desktop/Maith/.lake/build/lib/lean/Maith/OperationOp.olean -i /Users/philipallen/Desktop/Maith/.lake/build/lib/lean/Maith/OperationOp.ilean -c /Users/philipallen/Desktop/Maith/.lake/build/ir/Maith/OperationOp.c --setup /Users/philipallen/Desktop/Maith/.lake/build/ir/Maith/OperationOp.setup.json --json",
   "level": "trace"}],
 "inputs":
 [["Maith.OperationOp:deps",
   [["deps",
     [["maith/Maith:extraDep", [["@maith:extraDep", "00000000000006bb"]]],
      ["imports", "00000000000006bb"]]],
    ["libs",
     [["import dynlibs", "00000000000006bb"],
      ["package external libraries", "00000000000006bb"],
      ["module dynlibs", "00000000000006bb"],
      ["module plugins", "00000000000006bb"]]]]],
  ["Lean 4.31.0, commit 68218e876d2a38b1985b8590fff244a83c321783",
   "fc45ac412f28501c"],
  ["/Users/philipallen/Desktop/Maith/Maith/OperationOp.lean",
   "60be1cef60470552"],
  ["options", "00000000000006bb"],
  ["isModule: false", "feefd2a0d3a1847e"],
  ["Module.name: Maith.OperationOp", "81fff7c4158c32a3"],
  ["Package.id?: (some maith)", "dfa12329b6ef09d2"],
  ["Module.leanArgs: #[]", "00000000000006bb"]],
 "depHash": "0e659df09ecc05fc"}