{"synthetic": false,
 "schemaVersion": "2025-09-10",
 "outputs":
 {"o": ["716e9e38a50c5f7f.olean"],
  "m": false,
  "i": "ae5be16b67b61699.ilean",
  "c": "ce13b5358f6b8150.c"},
 "log":
 [{"message":
   ".> LEAN_PATH=/Users/philipallen/Desktop/Maith/.lake/build/lib/lean /Users/philipallen/.elan/toolchains/leanprover--lean4---v4.31.0/bin/lean /Users/philipallen/Desktop/Maith/Maith/Operation.lean -o /Users/philipallen/Desktop/Maith/.lake/build/lib/lean/Maith/Operation.olean -i /Users/philipallen/Desktop/Maith/.lake/build/lib/lean/Maith/Operation.ilean -c /Users/philipallen/Desktop/Maith/.lake/build/ir/Maith/Operation.c --setup /Users/philipallen/Desktop/Maith/.lake/build/ir/Maith/Operation.setup.json --json",
   "level": "trace"},
  {"message":
   "Maith/Operation.lean:17:20: `structure ... :=` has been deprecated in favor of `structure ... where`.\n\nNote: This linter can be disabled with `set_option linter.deprecated false`",
   "level": "warning"}],
 "inputs":
 [["Maith.Operation:deps",
   [["deps",
     [["maith/Maith:extraDep", [["@maith:extraDep", "00000000000006bb"]]],
      ["imports",
       [["Maith.EntityId transitive imports (legacy)", "00000000000006bb"],
        ["Maith.EntityId:importAllArts", "056a1025f7d3da3e"],
        ["Maith.OperationOp transitive imports (legacy)", "00000000000006bb"],
        ["Maith.OperationOp:importAllArts", "ba15843cf553beec"],
        ["Maith.Polarity transitive imports (legacy)", "00000000000006bb"],
        ["Maith.Polarity:importAllArts", "4ae8cf2b71ae141c"]]]]],
    ["libs",
     [["import dynlibs", "00000000000006bb"],
      ["package external libraries", "00000000000006bb"],
      ["module dynlibs", "00000000000006bb"],
      ["module plugins", "00000000000006bb"]]]]],
  ["Lean 4.31.0, commit 68218e876d2a38b1985b8590fff244a83c321783",
   "fc45ac412f28501c"],
  ["/Users/philipallen/Desktop/Maith/Maith/Operation.lean", "0fb14bb82a2481a2"],
  ["options", "00000000000006bb"],
  ["isModule: false", "feefd2a0d3a1847e"],
  ["Module.name: Maith.Operation", "37a5ac2aa050f9da"],
  ["Package.id?: (some maith)", "dfa12329b6ef09d2"],
  ["Module.leanArgs: #[]", "00000000000006bb"]],
 "depHash": "4add6cba40b6befc"}