{"synthetic": false,
 "schemaVersion": "2025-09-10",
 "outputs":
 {"o": ["20c556ca92c34bc9.olean"],
  "m": false,
  "i": "7ef8044ac13fd69c.ilean",
  "c": "08bf30eac96ee715.c"},
 "log":
 [{"message":
   ".> LEAN_PATH=/Users/philipallen/Desktop/Maith/.lake/build/lib/lean /Users/philipallen/.elan/toolchains/leanprover--lean4---v4.31.0/bin/lean /Users/philipallen/Desktop/Maith/Maith/Polarity.lean -o /Users/philipallen/Desktop/Maith/.lake/build/lib/lean/Maith/Polarity.olean -i /Users/philipallen/Desktop/Maith/.lake/build/lib/lean/Maith/Polarity.ilean -c /Users/philipallen/Desktop/Maith/.lake/build/ir/Maith/Polarity.c --setup /Users/philipallen/Desktop/Maith/.lake/build/ir/Maith/Polarity.setup.json --json",
   "level": "trace"}],
 "inputs":
 [["Maith.Polarity:deps",
   [["deps",
     [["maith/Maith:extraDep", [["@maith:extraDep", "00000000000006bb"]]],
      ["imports", "00000000000006bb"]]],
    ["libs",
     [["import dynlibs", "00000000000006bb"],
      ["package external libraries", "00000000000006bb"],
      ["module dynlibs", "00000000000006bb"],
      ["module plugins", "00000000000006bb"]]]]],
  ["Lean 4.31.0, commit 68218e876d2a38b1985b8590fff244a83c321783",
   "fc45ac412f28501c"],
  ["/Users/philipallen/Desktop/Maith/Maith/Polarity.lean", "56ff7b8dcbd0e382"],
  ["options", "00000000000006bb"],
  ["isModule: false", "feefd2a0d3a1847e"],
  ["Module.name: Maith.Polarity", "9b8414a8b27ecd14"],
  ["Package.id?: (some maith)", "dfa12329b6ef09d2"],
  ["Module.leanArgs: #[]", "00000000000006bb"]],
 "depHash": "81b23e93d6fe0f36"}