{"synthetic": false,
 "schemaVersion": "2025-09-10",
 "outputs":
 {"o": ["12aee6a3cd0e4144.olean"],
  "m": false,
  "i": "20db79d10aac6822.ilean",
  "c": "11fa3b8e9344caf6.c"},
 "log":
 [{"message":
   ".> LEAN_PATH=/Users/philipallen/Desktop/Maith/.lake/build/lib/lean /Users/philipallen/.elan/toolchains/leanprover--lean4---v4.31.0/bin/lean /Users/philipallen/Desktop/Maith/Maith/ProblemGenerator.lean -o /Users/philipallen/Desktop/Maith/.lake/build/lib/lean/Maith/ProblemGenerator.olean -i /Users/philipallen/Desktop/Maith/.lake/build/lib/lean/Maith/ProblemGenerator.ilean -c /Users/philipallen/Desktop/Maith/.lake/build/ir/Maith/ProblemGenerator.c --setup /Users/philipallen/Desktop/Maith/.lake/build/ir/Maith/ProblemGenerator.setup.json --json",
   "level": "trace"}],
 "inputs":
 [["Maith.ProblemGenerator:deps",
   [["deps",
     [["maith/Maith:extraDep", [["@maith:extraDep", "00000000000006bb"]]],
      ["imports",
       [["Maith.Graph transitive imports (legacy)", "295dd36e49a1cc52"],
        ["Maith.Graph:importAllArts", "c5d33959bd97b7d6"],
        ["Maith.Entity transitive imports (legacy)", "8e88799e089d04d8"],
        ["Maith.Entity:importAllArts", "7b9cd1ac2767f280"],
        ["Maith.Attribute transitive imports (legacy)", "8e88799e089d04d8"],
        ["Maith.Attribute:importAllArts", "c69ec177972c0a25"],
        ["Maith.Relation transitive imports (legacy)", "7bd039d7c7af17fb"],
        ["Maith.Relation:importAllArts", "a53f8e02fe981406"],
        ["Maith.Operation transitive imports (legacy)", "6634b633c795a371"],
        ["Maith.Operation:importAllArts", "81262a5902773249"],
        ["Maith.EntityId transitive imports (legacy)", "00000000000006bb"],
        ["Maith.EntityId:importAllArts", "895586eeaf2dfa8f"],
        ["Maith.Polarity transitive imports (legacy)", "00000000000006bb"],
        ["Maith.Polarity:importAllArts", "e7ee1daf301cbf9e"],
        ["Maith.RelationOp transitive imports (legacy)", "00000000000006bb"],
        ["Maith.RelationOp:importAllArts", "462b5b3c9c0ff6d7"],
        ["Maith.OperationOp transitive imports (legacy)", "00000000000006bb"],
        ["Maith.OperationOp:importAllArts", "bac246252dc0ecb8"],
        ["Maith.TrainingCorpus transitive imports (legacy)",
         "f7f6a6768d8b1601"],
        ["Maith.TrainingCorpus:importAllArts", "eb52c2d54a1e45a4"]]]]],
    ["libs",
     [["import dynlibs", "00000000000006bb"],
      ["package external libraries", "00000000000006bb"],
      ["module dynlibs", "00000000000006bb"],
      ["module plugins", "00000000000006bb"]]]]],
  ["Lean 4.31.0, commit 68218e876d2a38b1985b8590fff244a83c321783",
   "fc45ac412f28501c"],
  ["/Users/philipallen/Desktop/Maith/Maith/ProblemGenerator.lean",
   "ddfd58078686196c"],
  ["options", "00000000000006bb"],
  ["isModule: false", "feefd2a0d3a1847e"],
  ["Module.name: Maith.ProblemGenerator", "ac77140ac74c1885"],
  ["Package.id?: (some maith)", "dfa12329b6ef09d2"],
  ["Module.leanArgs: #[]", "00000000000006bb"]],
 "depHash": "cbd7728e142d0925"}