{"synthetic": false,
 "schemaVersion": "2025-09-10",
 "outputs":
 {"o": ["545b7e51fe61b462.olean"],
  "m": false,
  "i": "aa041c4710ddc1ae.ilean",
  "c": "f552a670dcef057d.c"},
 "log":
 [{"message":
   ".> LEAN_PATH=/Users/philipallen/Desktop/Maith/.lake/build/lib/lean /Users/philipallen/.elan/toolchains/leanprover--lean4---v4.31.0/bin/lean /Users/philipallen/Desktop/Maith/Maith/Relation.lean -o /Users/philipallen/Desktop/Maith/.lake/build/lib/lean/Maith/Relation.olean -i /Users/philipallen/Desktop/Maith/.lake/build/lib/lean/Maith/Relation.ilean -c /Users/philipallen/Desktop/Maith/.lake/build/ir/Maith/Relation.c --setup /Users/philipallen/Desktop/Maith/.lake/build/ir/Maith/Relation.setup.json --json",
   "level": "trace"},
  {"message":
   "Maith/Relation.lean:43:19: `structure ... :=` has been deprecated in favor of `structure ... where`.\n\nNote: This linter can be disabled with `set_option linter.deprecated false`",
   "level": "warning"}],
 "inputs":
 [["Maith.Relation:deps",
   [["deps",
     [["maith/Maith:extraDep", [["@maith:extraDep", "00000000000006bb"]]],
      ["imports",
       [["Maith.EntityId transitive imports (legacy)", "00000000000006bb"],
        ["Maith.EntityId:importAllArts", "895586eeaf2dfa8f"],
        ["Maith.RelationOp transitive imports (legacy)", "00000000000006bb"],
        ["Maith.RelationOp:importAllArts", "462b5b3c9c0ff6d7"],
        ["Maith.Polarity transitive imports (legacy)", "00000000000006bb"],
        ["Maith.Polarity:importAllArts", "e7ee1daf301cbf9e"]]]]],
    ["libs",
     [["import dynlibs", "00000000000006bb"],
      ["package external libraries", "00000000000006bb"],
      ["module dynlibs", "00000000000006bb"],
      ["module plugins", "00000000000006bb"]]]]],
  ["Lean 4.31.0, commit 68218e876d2a38b1985b8590fff244a83c321783",
   "fc45ac412f28501c"],
  ["/Users/philipallen/Desktop/Maith/Maith/Relation.lean", "eb8cc01779151d38"],
  ["options", "00000000000006bb"],
  ["isModule: false", "feefd2a0d3a1847e"],
  ["Module.name: Maith.Relation", "0e94e01df73308af"],
  ["Package.id?: (some maith)", "dfa12329b6ef09d2"],
  ["Module.leanArgs: #[]", "00000000000006bb"]],
 "depHash": "666e11f60c30ffd5"}