{"synthetic": false,
 "schemaVersion": "2025-09-10",
 "outputs":
 {"o": ["6cb9def78addcaa8.olean"],
  "m": false,
  "i": "9adf78ff943b9d93.ilean",
  "c": "5f312e1046b687b7.c"},
 "log":
 [{"message":
   ".> LEAN_PATH=/Users/philipallen/Desktop/Maith/.lake/build/lib/lean /Users/philipallen/.elan/toolchains/leanprover--lean4---v4.31.0/bin/lean /Users/philipallen/Desktop/Maith/Maith/RewritePipeline.lean -o /Users/philipallen/Desktop/Maith/.lake/build/lib/lean/Maith/RewritePipeline.olean -i /Users/philipallen/Desktop/Maith/.lake/build/lib/lean/Maith/RewritePipeline.ilean -c /Users/philipallen/Desktop/Maith/.lake/build/ir/Maith/RewritePipeline.c --setup /Users/philipallen/Desktop/Maith/.lake/build/ir/Maith/RewritePipeline.setup.json --json",
   "level": "trace"},
  {"message":
   "Maith/RewritePipeline.lean:87:26: `structure ... :=` has been deprecated in favor of `structure ... where`.\n\nNote: This linter can be disabled with `set_option linter.deprecated false`",
   "level": "warning"}],
 "inputs":
 [["Maith.RewritePipeline:deps",
   [["deps",
     [["maith/Maith:extraDep", [["@maith:extraDep", "00000000000006bb"]]],
      ["imports",
       [["Maith.RewriteEngine transitive imports (legacy)", "c97d63e48521859d"],
        ["Maith.RewriteEngine:importAllArts", "3e232f7621ef1627"],
        ["Maith.Graph transitive imports (legacy)", "295dd36e49a1cc52"],
        ["Maith.Graph:importAllArts", "c5d33959bd97b7d6"],
        ["Maith.Normalizer transitive imports (legacy)", "b4841599fc441daf"],
        ["Maith.Normalizer:importAllArts", "63d9d8916d145303"]]]]],
    ["libs",
     [["import dynlibs", "00000000000006bb"],
      ["package external libraries", "00000000000006bb"],
      ["module dynlibs", "00000000000006bb"],
      ["module plugins", "00000000000006bb"]]]]],
  ["Lean 4.31.0, commit 68218e876d2a38b1985b8590fff244a83c321783",
   "fc45ac412f28501c"],
  ["/Users/philipallen/Desktop/Maith/Maith/RewritePipeline.lean",
   "b7337c247c97b4e3"],
  ["options", "00000000000006bb"],
  ["isModule: false", "feefd2a0d3a1847e"],
  ["Module.name: Maith.RewritePipeline", "fcc80cafabd24e1e"],
  ["Package.id?: (some maith)", "dfa12329b6ef09d2"],
  ["Module.leanArgs: #[]", "00000000000006bb"]],
 "depHash": "e9647bab79c1b007"}