{"synthetic": false,
 "schemaVersion": "2025-09-10",
 "outputs":
 {"o": ["d7b54062ca469504.olean"],
  "m": false,
  "i": "ee3d8b0359bec16c.ilean",
  "c": "44cd1798e96d708d.c"},
 "log":
 [{"message":
   ".> LEAN_PATH=/Users/philipallen/Desktop/Maith/.lake/build/lib/lean /Users/philipallen/.elan/toolchains/leanprover--lean4---v4.31.0/bin/lean /Users/philipallen/Desktop/Maith/Maith/TokenSpec.lean -o /Users/philipallen/Desktop/Maith/.lake/build/lib/lean/Maith/TokenSpec.olean -i /Users/philipallen/Desktop/Maith/.lake/build/lib/lean/Maith/TokenSpec.ilean -c /Users/philipallen/Desktop/Maith/.lake/build/ir/Maith/TokenSpec.c --setup /Users/philipallen/Desktop/Maith/.lake/build/ir/Maith/TokenSpec.setup.json --json",
   "level": "trace"},
  {"message":
   "Maith/TokenSpec.lean:25:23: `structure ... :=` has been deprecated in favor of `structure ... where`.\n\nNote: This linter can be disabled with `set_option linter.deprecated false`",
   "level": "warning"},
  {"message":
   "Maith/TokenSpec.lean:36:16: `structure ... :=` has been deprecated in favor of `structure ... where`.\n\nNote: This linter can be disabled with `set_option linter.deprecated false`",
   "level": "warning"}],
 "inputs":
 [["Maith.TokenSpec:deps",
   [["deps",
     [["maith/Maith:extraDep", [["@maith:extraDep", "00000000000006bb"]]],
      ["imports", "00000000000006bb"]]],
    ["libs",
     [["import dynlibs", "00000000000006bb"],
      ["package external libraries", "00000000000006bb"],
      ["module dynlibs", "00000000000006bb"],
      ["module plugins", "00000000000006bb"]]]]],
  ["Lean 4.31.0, commit 68218e876d2a38b1985b8590fff244a83c321783",
   "fc45ac412f28501c"],
  ["/Users/philipallen/Desktop/Maith/Maith/TokenSpec.lean", "fa879a097ea749bf"],
  ["options", "00000000000006bb"],
  ["isModule: false", "feefd2a0d3a1847e"],
  ["Module.name: Maith.TokenSpec", "22fc2c94d720ff94"],
  ["Package.id?: (some maith)", "dfa12329b6ef09d2"],
  ["Module.leanArgs: #[]", "00000000000006bb"]],
 "depHash": "b8a79b1380a2e67b"}