{"synthetic": false,
 "schemaVersion": "2025-09-10",
 "outputs":
 {"o": ["a5d81f7427e89423.olean"],
  "m": false,
  "i": "83303ee7fd1a936f.ilean",
  "c": "2f8e89a1ffabb969.c"},
 "log":
 [{"message":
   ".> LEAN_PATH=/Users/philipallen/Desktop/Maith/.lake/build/lib/lean /Users/philipallen/.elan/toolchains/leanprover--lean4---v4.31.0/bin/lean /Users/philipallen/Desktop/Maith/Maith/Token.lean -o /Users/philipallen/Desktop/Maith/.lake/build/lib/lean/Maith/Token.olean -i /Users/philipallen/Desktop/Maith/.lake/build/lib/lean/Maith/Token.ilean -c /Users/philipallen/Desktop/Maith/.lake/build/ir/Maith/Token.c --setup /Users/philipallen/Desktop/Maith/.lake/build/ir/Maith/Token.setup.json --json",
   "level": "trace"}],
 "inputs":
 [["Maith.Token:deps",
   [["deps",
     [["maith/Maith:extraDep", [["@maith:extraDep", "00000000000006bb"]]],
      ["imports", "00000000000006bb"]]],
    ["libs",
     [["import dynlibs", "00000000000006bb"],
      ["package external libraries", "00000000000006bb"],
      ["module dynlibs", "00000000000006bb"],
      ["module plugins", "00000000000006bb"]]]]],
  ["Lean 4.31.0, commit 68218e876d2a38b1985b8590fff244a83c321783",
   "fc45ac412f28501c"],
  ["/Users/philipallen/Desktop/Maith/Maith/Token.lean", "b8de565dce247dfe"],
  ["options", "00000000000006bb"],
  ["isModule: false", "feefd2a0d3a1847e"],
  ["Module.name: Maith.Token", "c1b87fdc9798d1e9"],
  ["Package.id?: (some maith)", "dfa12329b6ef09d2"],
  ["Module.leanArgs: #[]", "00000000000006bb"]],
 "depHash": "a21e557768f5b903"}