{"synthetic": false,
 "schemaVersion": "2025-09-10",
 "outputs":
 {"o": ["ceb7d577cdb66897.olean"],
  "m": false,
  "i": "88e9d50b9d33cef8.ilean",
  "c": "1ea31f98d83a5f4d.c"},
 "log":
 [{"message":
   ".> LEAN_PATH=/Users/philipallen/Desktop/Maith/.lake/build/lib/lean /Users/philipallen/.elan/toolchains/leanprover--lean4---v4.31.0/bin/lean /Users/philipallen/Desktop/Maith/Maith/TrainingCorpus.lean -o /Users/philipallen/Desktop/Maith/.lake/build/lib/lean/Maith/TrainingCorpus.olean -i /Users/philipallen/Desktop/Maith/.lake/build/lib/lean/Maith/TrainingCorpus.ilean -c /Users/philipallen/Desktop/Maith/.lake/build/ir/Maith/TrainingCorpus.c --setup /Users/philipallen/Desktop/Maith/.lake/build/ir/Maith/TrainingCorpus.setup.json --json",
   "level": "trace"},
  {"message":
   "Maith/TrainingCorpus.lean:19:26: `structure ... :=` has been deprecated in favor of `structure ... where`.\n\nNote: This linter can be disabled with `set_option linter.deprecated false`",
   "level": "warning"},
  {"message":
   "Maith/TrainingCorpus.lean:54:22: `structure ... :=` has been deprecated in favor of `structure ... where`.\n\nNote: This linter can be disabled with `set_option linter.deprecated false`",
   "level": "warning"}],
 "inputs":
 [["Maith.TrainingCorpus:deps",
   [["deps",
     [["maith/Maith:extraDep", [["@maith:extraDep", "00000000000006bb"]]],
      ["imports",
       [["Maith.Graph transitive imports (legacy)", "295dd36e49a1cc52"],
        ["Maith.Graph:importAllArts", "c5d33959bd97b7d6"],
        ["Maith.Encoder transitive imports (legacy)", "de591a05ea73bdcc"],
        ["Maith.Encoder:importAllArts", "cffc2834caf1df85"],
        ["Maith.Token transitive imports (legacy)", "00000000000006bb"],
        ["Maith.Token:importAllArts", "a1d05cea5b1904f3"]]]]],
    ["libs",
     [["import dynlibs", "00000000000006bb"],
      ["package external libraries", "00000000000006bb"],
      ["module dynlibs", "00000000000006bb"],
      ["module plugins", "00000000000006bb"]]]]],
  ["Lean 4.31.0, commit 68218e876d2a38b1985b8590fff244a83c321783",
   "fc45ac412f28501c"],
  ["/Users/philipallen/Desktop/Maith/Maith/TrainingCorpus.lean",
   "cb6913bde44b51ce"],
  ["options", "00000000000006bb"],
  ["isModule: false", "feefd2a0d3a1847e"],
  ["Module.name: Maith.TrainingCorpus", "db49738c37eb28d2"],
  ["Package.id?: (some maith)", "dfa12329b6ef09d2"],
  ["Module.leanArgs: #[]", "00000000000006bb"]],
 "depHash": "73bab5b7b34ff380"}